<?xml version="1.0" encoding="UTF-8"?>
<testsuite xmlns:xsi="http://www.w3.org/2001/XMLSchema-instance" xsi:noNamespaceSchemaLocation="https://maven.apache.org/surefire/maven-surefire-plugin/xsd/surefire-test-report.xsd" name="com.example.rank.RankApplicationTests" time="0.657" tests="1" errors="1" skipped="0" failures="0">
  <properties>
    <property name="sun.desktop" value="windows"/>
    <property name="awt.toolkit" value="sun.awt.windows.WToolkit"/>
    <property name="file.encoding.pkg" value="sun.io"/>
    <property name="java.specification.version" value="1.8"/>
    <property name="sun.cpu.isalist" value="amd64"/>
    <property name="sun.jnu.encoding" value="GBK"/>
    <property name="java.class.path" value="E:\code\rank\target\test-classes;E:\code\rank\target\classes;D:\java_entity\maven\apache-maven-3.6.1\repo\org\apache\httpcomponents\httpclient\4.5.5\httpclient-4.5.5.jar;D:\java_entity\maven\apache-maven-3.6.1\repo\org\apache\httpcomponents\httpcore\4.4.13\httpcore-4.4.13.jar;D:\java_entity\maven\apache-maven-3.6.1\repo\commons-codec\commons-codec\1.15\commons-codec-1.15.jar;D:\java_entity\maven\apache-maven-3.6.1\repo\com\alibaba\fastjson\1.2.47\fastjson-1.2.47.jar;D:\java_entity\maven\apache-maven-3.6.1\repo\org\springframework\boot\spring-boot-starter\2.4.0\spring-boot-starter-2.4.0.jar;D:\java_entity\maven\apache-maven-3.6.1\repo\org\springframework\boot\spring-boot\2.4.0\spring-boot-2.4.0.jar;D:\java_entity\maven\apache-maven-3.6.1\repo\org\springframework\spring-context\5.3.1\spring-context-5.3.1.jar;D:\java_entity\maven\apache-maven-3.6.1\repo\org\springframework\spring-aop\5.3.1\spring-aop-5.3.1.jar;D:\java_entity\maven\apache-maven-3.6.1\repo\org\springframework\spring-beans\5.3.1\spring-beans-5.3.1.jar;D:\java_entity\maven\apache-maven-3.6.1\repo\org\springframework\spring-expression\5.3.1\spring-expression-5.3.1.jar;D:\java_entity\maven\apache-maven-3.6.1\repo\org\springframework\boot\spring-boot-autoconfigure\2.4.0\spring-boot-autoconfigure-2.4.0.jar;D:\java_entity\maven\apache-maven-3.6.1\repo\org\springframework\boot\spring-boot-starter-logging\2.4.0\spring-boot-starter-logging-2.4.0.jar;D:\java_entity\maven\apache-maven-3.6.1\repo\ch\qos\logback\logback-classic\1.2.3\logback-classic-1.2.3.jar;D:\java_entity\maven\apache-maven-3.6.1\repo\ch\qos\logback\logback-core\1.2.3\logback-core-1.2.3.jar;D:\java_entity\maven\apache-maven-3.6.1\repo\org\apache\logging\log4j\log4j-to-slf4j\2.13.3\log4j-to-slf4j-2.13.3.jar;D:\java_entity\maven\apache-maven-3.6.1\repo\org\apache\logging\log4j\log4j-api\2.13.3\log4j-api-2.13.3.jar;D:\java_entity\maven\apache-maven-3.6.1\repo\org\slf4j\jul-to-slf4j\1.7.30\jul-to-slf4j-1.7.30.jar;D:\java_entity\maven\apache-maven-3.6.1\repo\jakarta\annotation\jakarta.annotation-api\1.3.5\jakarta.annotation-api-1.3.5.jar;D:\java_entity\maven\apache-maven-3.6.1\repo\org\springframework\spring-core\5.3.1\spring-core-5.3.1.jar;D:\java_entity\maven\apache-maven-3.6.1\repo\org\springframework\spring-jcl\5.3.1\spring-jcl-5.3.1.jar;D:\java_entity\maven\apache-maven-3.6.1\repo\org\yaml\snakeyaml\1.27\snakeyaml-1.27.jar;D:\java_entity\maven\apache-maven-3.6.1\repo\org\springframework\boot\spring-boot-starter-test\2.4.0\spring-boot-starter-test-2.4.0.jar;D:\java_entity\maven\apache-maven-3.6.1\repo\org\springframework\boot\spring-boot-test\2.4.0\spring-boot-test-2.4.0.jar;D:\java_entity\maven\apache-maven-3.6.1\repo\org\springframework\boot\spring-boot-test-autoconfigure\2.4.0\spring-boot-test-autoconfigure-2.4.0.jar;D:\java_entity\maven\apache-maven-3.6.1\repo\com\jayway\jsonpath\json-path\2.4.0\json-path-2.4.0.jar;D:\java_entity\maven\apache-maven-3.6.1\repo\net\minidev\json-smart\2.3\json-smart-2.3.jar;D:\java_entity\maven\apache-maven-3.6.1\repo\net\minidev\accessors-smart\1.2\accessors-smart-1.2.jar;D:\java_entity\maven\apache-maven-3.6.1\repo\org\ow2\asm\asm\5.0.4\asm-5.0.4.jar;D:\java_entity\maven\apache-maven-3.6.1\repo\jakarta\xml\bind\jakarta.xml.bind-api\2.3.3\jakarta.xml.bind-api-2.3.3.jar;D:\java_entity\maven\apache-maven-3.6.1\repo\jakarta\activation\jakarta.activation-api\1.2.2\jakarta.activation-api-1.2.2.jar;D:\java_entity\maven\apache-maven-3.6.1\repo\org\assertj\assertj-core\3.18.1\assertj-core-3.18.1.jar;D:\java_entity\maven\apache-maven-3.6.1\repo\org\hamcrest\hamcrest\2.2\hamcrest-2.2.jar;D:\java_entity\maven\apache-maven-3.6.1\repo\org\junit\jupiter\junit-jupiter\5.7.0\junit-jupiter-5.7.0.jar;D:\java_entity\maven\apache-maven-3.6.1\repo\org\junit\jupiter\junit-jupiter-api\5.7.0\junit-jupiter-api-5.7.0.jar;D:\java_entity\maven\apache-maven-3.6.1\repo\org\apiguardian\apiguardian-api\1.1.0\apiguardian-api-1.1.0.jar;D:\java_entity\maven\apache-maven-3.6.1\repo\org\opentest4j\opentest4j\1.2.0\opentest4j-1.2.0.jar;D:\java_entity\maven\apache-maven-3.6.1\repo\org\junit\platform\junit-platform-commons\1.7.0\junit-platform-commons-1.7.0.jar;D:\java_entity\maven\apache-maven-3.6.1\repo\org\junit\jupiter\junit-jupiter-params\5.7.0\junit-jupiter-params-5.7.0.jar;D:\java_entity\maven\apache-maven-3.6.1\repo\org\junit\jupiter\junit-jupiter-engine\5.7.0\junit-jupiter-engine-5.7.0.jar;D:\java_entity\maven\apache-maven-3.6.1\repo\org\junit\platform\junit-platform-engine\1.7.0\junit-platform-engine-1.7.0.jar;D:\java_entity\maven\apache-maven-3.6.1\repo\org\mockito\mockito-core\3.6.0\mockito-core-3.6.0.jar;D:\java_entity\maven\apache-maven-3.6.1\repo\net\bytebuddy\byte-buddy\1.10.18\byte-buddy-1.10.18.jar;D:\java_entity\maven\apache-maven-3.6.1\repo\net\bytebuddy\byte-buddy-agent\1.10.18\byte-buddy-agent-1.10.18.jar;D:\java_entity\maven\apache-maven-3.6.1\repo\org\objenesis\objenesis\3.1\objenesis-3.1.jar;D:\java_entity\maven\apache-maven-3.6.1\repo\org\mockito\mockito-junit-jupiter\3.6.0\mockito-junit-jupiter-3.6.0.jar;D:\java_entity\maven\apache-maven-3.6.1\repo\org\skyscreamer\jsonassert\1.5.0\jsonassert-1.5.0.jar;D:\java_entity\maven\apache-maven-3.6.1\repo\com\vaadin\external\google\android-json\0.0.20131108.vaadin1\android-json-0.0.20131108.vaadin1.jar;D:\java_entity\maven\apache-maven-3.6.1\repo\org\springframework\spring-test\5.3.1\spring-test-5.3.1.jar;D:\java_entity\maven\apache-maven-3.6.1\repo\org\xmlunit\xmlunit-core\2.7.0\xmlunit-core-2.7.0.jar;D:\java_entity\maven\apache-maven-3.6.1\repo\org\apache\poi\poi\4.1.1\poi-4.1.1.jar;D:\java_entity\maven\apache-maven-3.6.1\repo\org\apache\commons\commons-collections4\4.4\commons-collections4-4.4.jar;D:\java_entity\maven\apache-maven-3.6.1\repo\org\apache\commons\commons-math3\3.6.1\commons-math3-3.6.1.jar;D:\java_entity\maven\apache-maven-3.6.1\repo\org\apache\poi\poi-scratchpad\4.0.0\poi-scratchpad-4.0.0.jar;D:\java_entity\maven\apache-maven-3.6.1\repo\com\deepoove\poi-tl\1.8.0\poi-tl-1.8.0.jar;D:\java_entity\maven\apache-maven-3.6.1\repo\org\slf4j\slf4j-api\1.7.30\slf4j-api-1.7.30.jar;D:\java_entity\maven\apache-maven-3.6.1\repo\org\apache\commons\commons-lang3\3.11\commons-lang3-3.11.jar;D:\java_entity\maven\apache-maven-3.6.1\repo\org\apache\poi\poi-ooxml\4.1.1\poi-ooxml-4.1.1.jar;D:\java_entity\maven\apache-maven-3.6.1\repo\org\apache\commons\commons-compress\1.19\commons-compress-1.19.jar;D:\java_entity\maven\apache-maven-3.6.1\repo\com\github\virtuald\curvesapi\1.06\curvesapi-1.06.jar;D:\java_entity\maven\apache-maven-3.6.1\repo\org\apache\poi\poi-ooxml-schemas\4.1.1\poi-ooxml-schemas-4.1.1.jar;D:\java_entity\maven\apache-maven-3.6.1\repo\org\apache\xmlbeans\xmlbeans\3.1.0\xmlbeans-3.1.0.jar;D:\java_entity\maven\apache-maven-3.6.1\repo\fr\opensagres\xdocreport\org.apache.poi.xwpf.converter.pdf\1.0.6\org.apache.poi.xwpf.converter.pdf-1.0.6.jar;D:\java_entity\maven\apache-maven-3.6.1\repo\fr\opensagres\xdocreport\org.apache.poi.xwpf.converter.core\1.0.6\org.apache.poi.xwpf.converter.core-1.0.6.jar;D:\java_entity\maven\apache-maven-3.6.1\repo\org\apache\poi\ooxml-schemas\1.1\ooxml-schemas-1.1.jar;D:\java_entity\maven\apache-maven-3.6.1\repo\fr\opensagres\xdocreport\fr.opensagres.xdocreport.itext.extension\1.0.6\fr.opensagres.xdocreport.itext.extension-1.0.6.jar;D:\java_entity\maven\apache-maven-3.6.1\repo\com\lowagie\itext\2.1.7\itext-2.1.7.jar;D:\java_entity\maven\apache-maven-3.6.1\repo\fr\opensagres\xdocreport\xdocreport\2.0.2\xdocreport-2.0.2.jar;"/>
    <property name="java.vm.vendor" value="Oracle Corporation"/>
    <property name="sun.arch.data.model" value="64"/>
    <property name="user.variant" value=""/>
    <property name="java.vendor.url" value="http://java.oracle.com/"/>
    <property name="user.timezone" value="Asia/Shanghai"/>
    <property name="java.vm.specification.version" value="1.8"/>
    <property name="os.name" value="Windows 10"/>
    <property name="user.country" value="CN"/>
    <property name="sun.java.launcher" value="SUN_STANDARD"/>
    <property name="sun.boot.library.path" value="C:\Program Files\Java\jdk1.8.0_152\jre\bin"/>
    <property name="sun.java.command" value="C:\Users\ASUS\AppData\Local\Temp\surefire556637207700332623\surefirebooter8452636186295743675.jar C:\Users\ASUS\AppData\Local\Temp\surefire556637207700332623 2022-12-27T11-31-43_334-jvmRun1 surefire8451834927131131483tmp surefire_09097093897854954559tmp"/>
    <property name="surefire.test.class.path" value="E:\code\rank\target\test-classes;E:\code\rank\target\classes;D:\java_entity\maven\apache-maven-3.6.1\repo\org\apache\httpcomponents\httpclient\4.5.5\httpclient-4.5.5.jar;D:\java_entity\maven\apache-maven-3.6.1\repo\org\apache\httpcomponents\httpcore\4.4.13\httpcore-4.4.13.jar;D:\java_entity\maven\apache-maven-3.6.1\repo\commons-codec\commons-codec\1.15\commons-codec-1.15.jar;D:\java_entity\maven\apache-maven-3.6.1\repo\com\alibaba\fastjson\1.2.47\fastjson-1.2.47.jar;D:\java_entity\maven\apache-maven-3.6.1\repo\org\springframework\boot\spring-boot-starter\2.4.0\spring-boot-starter-2.4.0.jar;D:\java_entity\maven\apache-maven-3.6.1\repo\org\springframework\boot\spring-boot\2.4.0\spring-boot-2.4.0.jar;D:\java_entity\maven\apache-maven-3.6.1\repo\org\springframework\spring-context\5.3.1\spring-context-5.3.1.jar;D:\java_entity\maven\apache-maven-3.6.1\repo\org\springframework\spring-aop\5.3.1\spring-aop-5.3.1.jar;D:\java_entity\maven\apache-maven-3.6.1\repo\org\springframework\spring-beans\5.3.1\spring-beans-5.3.1.jar;D:\java_entity\maven\apache-maven-3.6.1\repo\org\springframework\spring-expression\5.3.1\spring-expression-5.3.1.jar;D:\java_entity\maven\apache-maven-3.6.1\repo\org\springframework\boot\spring-boot-autoconfigure\2.4.0\spring-boot-autoconfigure-2.4.0.jar;D:\java_entity\maven\apache-maven-3.6.1\repo\org\springframework\boot\spring-boot-starter-logging\2.4.0\spring-boot-starter-logging-2.4.0.jar;D:\java_entity\maven\apache-maven-3.6.1\repo\ch\qos\logback\logback-classic\1.2.3\logback-classic-1.2.3.jar;D:\java_entity\maven\apache-maven-3.6.1\repo\ch\qos\logback\logback-core\1.2.3\logback-core-1.2.3.jar;D:\java_entity\maven\apache-maven-3.6.1\repo\org\apache\logging\log4j\log4j-to-slf4j\2.13.3\log4j-to-slf4j-2.13.3.jar;D:\java_entity\maven\apache-maven-3.6.1\repo\org\apache\logging\log4j\log4j-api\2.13.3\log4j-api-2.13.3.jar;D:\java_entity\maven\apache-maven-3.6.1\repo\org\slf4j\jul-to-slf4j\1.7.30\jul-to-slf4j-1.7.30.jar;D:\java_entity\maven\apache-maven-3.6.1\repo\jakarta\annotation\jakarta.annotation-api\1.3.5\jakarta.annotation-api-1.3.5.jar;D:\java_entity\maven\apache-maven-3.6.1\repo\org\springframework\spring-core\5.3.1\spring-core-5.3.1.jar;D:\java_entity\maven\apache-maven-3.6.1\repo\org\springframework\spring-jcl\5.3.1\spring-jcl-5.3.1.jar;D:\java_entity\maven\apache-maven-3.6.1\repo\org\yaml\snakeyaml\1.27\snakeyaml-1.27.jar;D:\java_entity\maven\apache-maven-3.6.1\repo\org\springframework\boot\spring-boot-starter-test\2.4.0\spring-boot-starter-test-2.4.0.jar;D:\java_entity\maven\apache-maven-3.6.1\repo\org\springframework\boot\spring-boot-test\2.4.0\spring-boot-test-2.4.0.jar;D:\java_entity\maven\apache-maven-3.6.1\repo\org\springframework\boot\spring-boot-test-autoconfigure\2.4.0\spring-boot-test-autoconfigure-2.4.0.jar;D:\java_entity\maven\apache-maven-3.6.1\repo\com\jayway\jsonpath\json-path\2.4.0\json-path-2.4.0.jar;D:\java_entity\maven\apache-maven-3.6.1\repo\net\minidev\json-smart\2.3\json-smart-2.3.jar;D:\java_entity\maven\apache-maven-3.6.1\repo\net\minidev\accessors-smart\1.2\accessors-smart-1.2.jar;D:\java_entity\maven\apache-maven-3.6.1\repo\org\ow2\asm\asm\5.0.4\asm-5.0.4.jar;D:\java_entity\maven\apache-maven-3.6.1\repo\jakarta\xml\bind\jakarta.xml.bind-api\2.3.3\jakarta.xml.bind-api-2.3.3.jar;D:\java_entity\maven\apache-maven-3.6.1\repo\jakarta\activation\jakarta.activation-api\1.2.2\jakarta.activation-api-1.2.2.jar;D:\java_entity\maven\apache-maven-3.6.1\repo\org\assertj\assertj-core\3.18.1\assertj-core-3.18.1.jar;D:\java_entity\maven\apache-maven-3.6.1\repo\org\hamcrest\hamcrest\2.2\hamcrest-2.2.jar;D:\java_entity\maven\apache-maven-3.6.1\repo\org\junit\jupiter\junit-jupiter\5.7.0\junit-jupiter-5.7.0.jar;D:\java_entity\maven\apache-maven-3.6.1\repo\org\junit\jupiter\junit-jupiter-api\5.7.0\junit-jupiter-api-5.7.0.jar;D:\java_entity\maven\apache-maven-3.6.1\repo\org\apiguardian\apiguardian-api\1.1.0\apiguardian-api-1.1.0.jar;D:\java_entity\maven\apache-maven-3.6.1\repo\org\opentest4j\opentest4j\1.2.0\opentest4j-1.2.0.jar;D:\java_entity\maven\apache-maven-3.6.1\repo\org\junit\platform\junit-platform-commons\1.7.0\junit-platform-commons-1.7.0.jar;D:\java_entity\maven\apache-maven-3.6.1\repo\org\junit\jupiter\junit-jupiter-params\5.7.0\junit-jupiter-params-5.7.0.jar;D:\java_entity\maven\apache-maven-3.6.1\repo\org\junit\jupiter\junit-jupiter-engine\5.7.0\junit-jupiter-engine-5.7.0.jar;D:\java_entity\maven\apache-maven-3.6.1\repo\org\junit\platform\junit-platform-engine\1.7.0\junit-platform-engine-1.7.0.jar;D:\java_entity\maven\apache-maven-3.6.1\repo\org\mockito\mockito-core\3.6.0\mockito-core-3.6.0.jar;D:\java_entity\maven\apache-maven-3.6.1\repo\net\bytebuddy\byte-buddy\1.10.18\byte-buddy-1.10.18.jar;D:\java_entity\maven\apache-maven-3.6.1\repo\net\bytebuddy\byte-buddy-agent\1.10.18\byte-buddy-agent-1.10.18.jar;D:\java_entity\maven\apache-maven-3.6.1\repo\org\objenesis\objenesis\3.1\objenesis-3.1.jar;D:\java_entity\maven\apache-maven-3.6.1\repo\org\mockito\mockito-junit-jupiter\3.6.0\mockito-junit-jupiter-3.6.0.jar;D:\java_entity\maven\apache-maven-3.6.1\repo\org\skyscreamer\jsonassert\1.5.0\jsonassert-1.5.0.jar;D:\java_entity\maven\apache-maven-3.6.1\repo\com\vaadin\external\google\android-json\0.0.20131108.vaadin1\android-json-0.0.20131108.vaadin1.jar;D:\java_entity\maven\apache-maven-3.6.1\repo\org\springframework\spring-test\5.3.1\spring-test-5.3.1.jar;D:\java_entity\maven\apache-maven-3.6.1\repo\org\xmlunit\xmlunit-core\2.7.0\xmlunit-core-2.7.0.jar;D:\java_entity\maven\apache-maven-3.6.1\repo\org\apache\poi\poi\4.1.1\poi-4.1.1.jar;D:\java_entity\maven\apache-maven-3.6.1\repo\org\apache\commons\commons-collections4\4.4\commons-collections4-4.4.jar;D:\java_entity\maven\apache-maven-3.6.1\repo\org\apache\commons\commons-math3\3.6.1\commons-math3-3.6.1.jar;D:\java_entity\maven\apache-maven-3.6.1\repo\org\apache\poi\poi-scratchpad\4.0.0\poi-scratchpad-4.0.0.jar;D:\java_entity\maven\apache-maven-3.6.1\repo\com\deepoove\poi-tl\1.8.0\poi-tl-1.8.0.jar;D:\java_entity\maven\apache-maven-3.6.1\repo\org\slf4j\slf4j-api\1.7.30\slf4j-api-1.7.30.jar;D:\java_entity\maven\apache-maven-3.6.1\repo\org\apache\commons\commons-lang3\3.11\commons-lang3-3.11.jar;D:\java_entity\maven\apache-maven-3.6.1\repo\org\apache\poi\poi-ooxml\4.1.1\poi-ooxml-4.1.1.jar;D:\java_entity\maven\apache-maven-3.6.1\repo\org\apache\commons\commons-compress\1.19\commons-compress-1.19.jar;D:\java_entity\maven\apache-maven-3.6.1\repo\com\github\virtuald\curvesapi\1.06\curvesapi-1.06.jar;D:\java_entity\maven\apache-maven-3.6.1\repo\org\apache\poi\poi-ooxml-schemas\4.1.1\poi-ooxml-schemas-4.1.1.jar;D:\java_entity\maven\apache-maven-3.6.1\repo\org\apache\xmlbeans\xmlbeans\3.1.0\xmlbeans-3.1.0.jar;D:\java_entity\maven\apache-maven-3.6.1\repo\fr\opensagres\xdocreport\org.apache.poi.xwpf.converter.pdf\1.0.6\org.apache.poi.xwpf.converter.pdf-1.0.6.jar;D:\java_entity\maven\apache-maven-3.6.1\repo\fr\opensagres\xdocreport\org.apache.poi.xwpf.converter.core\1.0.6\org.apache.poi.xwpf.converter.core-1.0.6.jar;D:\java_entity\maven\apache-maven-3.6.1\repo\org\apache\poi\ooxml-schemas\1.1\ooxml-schemas-1.1.jar;D:\java_entity\maven\apache-maven-3.6.1\repo\fr\opensagres\xdocreport\fr.opensagres.xdocreport.itext.extension\1.0.6\fr.opensagres.xdocreport.itext.extension-1.0.6.jar;D:\java_entity\maven\apache-maven-3.6.1\repo\com\lowagie\itext\2.1.7\itext-2.1.7.jar;D:\java_entity\maven\apache-maven-3.6.1\repo\fr\opensagres\xdocreport\xdocreport\2.0.2\xdocreport-2.0.2.jar;"/>
    <property name="sun.cpu.endian" value="little"/>
    <property name="user.home" value="C:\Users\ASUS"/>
    <property name="user.language" value="zh"/>
    <property name="java.specification.vendor" value="Oracle Corporation"/>
    <property name="java.home" value="C:\Program Files\Java\jdk1.8.0_152\jre"/>
    <property name="basedir" value="E:\code\rank"/>
    <property name="file.separator" value="\"/>
    <property name="line.separator" value="&#10;"/>
    <property name="java.vm.specification.vendor" value="Oracle Corporation"/>
    <property name="java.specification.name" value="Java Platform API Specification"/>
    <property name="java.awt.graphicsenv" value="sun.awt.Win32GraphicsEnvironment"/>
    <property name="idea.version2020.1.3" value="true"/>
    <property name="surefire.real.class.path" value="C:\Users\ASUS\AppData\Local\Temp\surefire556637207700332623\surefirebooter8452636186295743675.jar"/>
    <property name="sun.boot.class.path" value="C:\Program Files\Java\jdk1.8.0_152\jre\lib\resources.jar;C:\Program Files\Java\jdk1.8.0_152\jre\lib\rt.jar;C:\Program Files\Java\jdk1.8.0_152\jre\lib\sunrsasign.jar;C:\Program Files\Java\jdk1.8.0_152\jre\lib\jsse.jar;C:\Program Files\Java\jdk1.8.0_152\jre\lib\jce.jar;C:\Program Files\Java\jdk1.8.0_152\jre\lib\charsets.jar;C:\Program Files\Java\jdk1.8.0_152\jre\lib\jfr.jar;C:\Program Files\Java\jdk1.8.0_152\jre\classes"/>
    <property name="user.script" value=""/>
    <property name="sun.management.compiler" value="HotSpot 64-Bit Tiered Compilers"/>
    <property name="java.runtime.version" value="1.8.0_152-b16"/>
    <property name="user.name" value="ASUS"/>
    <property name="path.separator" value=";"/>
    <property name="os.version" value="10.0"/>
    <property name="java.endorsed.dirs" value="C:\Program Files\Java\jdk1.8.0_152\jre\lib\endorsed"/>
    <property name="java.runtime.name" value="Java(TM) SE Runtime Environment"/>
    <property name="file.encoding" value="GBK"/>
    <property name="java.vm.name" value="Java HotSpot(TM) 64-Bit Server VM"/>
    <property name="localRepository" value="D:\java_entity\maven\apache-maven-3.6.1\repo"/>
    <property name="java.vendor.url.bug" value="http://bugreport.sun.com/bugreport/"/>
    <property name="java.io.tmpdir" value="C:\Users\ASUS\AppData\Local\Temp\"/>
    <property name="java.version" value="1.8.0_152"/>
    <property name="user.dir" value="E:\code\rank"/>
    <property name="os.arch" value="amd64"/>
    <property name="java.vm.specification.name" value="Java Virtual Machine Specification"/>
    <property name="java.awt.printerjob" value="sun.awt.windows.WPrinterJob"/>
    <property name="sun.os.patch.level" value=""/>
    <property name="java.library.path" value="C:\Program Files\Java\jdk1.8.0_152\jre\bin;C:\WINDOWS\Sun\Java\bin;C:\WINDOWS\system32;C:\WINDOWS;D:\rj\xshll\;C:\Program Files\Microsoft MPI\Bin\;C:\Program Files\MySQL\MySQL Server 5.7\bin;C:\Program Files\Java\jdk1.8.0_152\bin;C:\Program Files\Intel\WiFi\bin\;C:\Program Files\Common Files\Intel\WirelessCommon\;C:\WINDOWS\system32;C:\WINDOWS;C:\WINDOWS\system32\wbem;F:\tool\apache-tomcat-8.5.30\bin;C:\WINDOWS\System32\Wbem;C:\WINDOWS\System32\WindowsPowerShell\v1.0\;C:\WINDOWS\System32\OpenSSH\;C:\Program Files\Java\jdk1.8.0_152\jar\bin;C:\ProgramData\chocolatey\bin;D:\java_entity\sqlserver\shujugongxinag3\150\Tools\Binn\;D:\java_entity\sqlserver\shujugongxinag3\150\DTS\Binn\;D:\java_entity\consul;C:\WINDOWS\system32;C:\WINDOWS;C:\WINDOWS\System32\Wbem;C:\WINDOWS\System32\WindowsPowerShell\v1.0\;C:\WINDOWS\System32\OpenSSH\;D:\java_entity\maven\shaoyangMaven\bin\;E:\Program Files (x86)\NetSarang\Xftp 7\;E:\Program Files (x86)\Tencent\微信web开发者工具\dll;D:\Program Files\Git\cmd;C:\Program Files\MySQL\MySQL Shell 8.0\bin\;C:\Users\ASUS\AppData\Local\Microsoft\WindowsApps;C:\Users\ASUS\AppData\Local\GitHubDesktop\bin;D:\软件\Microsoft VS Code\bin;C:\Users\ASUS\AppData\Local\Microsoft\WindowsApps;;E:\Users\ASUS\AppData\Local\Programs\Fiddler;."/>
    <property name="java.vm.info" value="mixed mode"/>
    <property name="java.vendor" value="Oracle Corporation"/>
    <property name="java.vm.version" value="25.152-b16"/>
    <property name="java.ext.dirs" value="C:\Program Files\Java\jdk1.8.0_152\jre\lib\ext;C:\WINDOWS\Sun\Java\lib\ext"/>
    <property name="sun.io.unicode.encoding" value="UnicodeLittle"/>
    <property name="maven.repo.local" value="D:\java_entity\maven\apache-maven-3.6.1\repo"/>
    <property name="java.class.version" value="52.0"/>
  </properties>
  <testcase name="com.example.rank.RankApplicationTests" classname="com.example.rank.RankApplicationTests" time="0.655">
    <error message="Unable to find a @SpringBootConfiguration, you need to use @ContextConfiguration or @SpringBootTest(classes=...) with your test" type="java.lang.IllegalStateException">java.lang.IllegalStateException: Unable to find a @SpringBootConfiguration, you need to use @ContextConfiguration or @SpringBootTest(classes=...) with your test
</error>
    <system-out><![CDATA[11:31:44.860 [main] DEBUG org.springframework.test.context.BootstrapUtils - Instantiating CacheAwareContextLoaderDelegate from class [org.springframework.test.context.cache.DefaultCacheAwareContextLoaderDelegate]
11:31:44.884 [main] DEBUG org.springframework.test.context.BootstrapUtils - Instantiating BootstrapContext using constructor [public org.springframework.test.context.support.DefaultBootstrapContext(java.lang.Class,org.springframework.test.context.CacheAwareContextLoaderDelegate)]
11:31:44.947 [main] DEBUG org.springframework.test.context.BootstrapUtils - Instantiating TestContextBootstrapper for test class [com.example.rank.RankApplicationTests] from class [org.springframework.boot.test.context.SpringBootTestContextBootstrapper]
11:31:44.969 [main] INFO org.springframework.boot.test.context.SpringBootTestContextBootstrapper - Neither @ContextConfiguration nor @ContextHierarchy found for test class [com.example.rank.RankApplicationTests], using SpringBootContextLoader
11:31:44.976 [main] DEBUG org.springframework.test.context.support.AbstractContextLoader - Did not detect default resource location for test class [com.example.rank.RankApplicationTests]: class path resource [com/example/rank/RankApplicationTests-context.xml] does not exist
11:31:44.977 [main] DEBUG org.springframework.test.context.support.AbstractContextLoader - Did not detect default resource location for test class [com.example.rank.RankApplicationTests]: class path resource [com/example/rank/RankApplicationTestsContext.groovy] does not exist
11:31:44.977 [main] INFO org.springframework.test.context.support.AbstractContextLoader - Could not detect default resource locations for test class [com.example.rank.RankApplicationTests]: no resource found for suffixes {-context.xml, Context.groovy}.
11:31:44.979 [main] INFO org.springframework.test.context.support.AnnotationConfigContextLoaderUtils - Could not detect default configuration classes for test class [com.example.rank.RankApplicationTests]: RankApplicationTests does not declare any static, non-private, non-final, nested classes annotated with @Configuration.
11:31:45.075 [main] DEBUG org.springframework.test.context.support.ActiveProfilesUtils - Could not find an 'annotation declaring class' for annotation type [org.springframework.test.context.ActiveProfiles] and class [com.example.rank.RankApplicationTests]
11:31:45.217 [main] DEBUG org.springframework.test.context.BootstrapUtils - Instantiating CacheAwareContextLoaderDelegate from class [org.springframework.test.context.cache.DefaultCacheAwareContextLoaderDelegate]
11:31:45.218 [main] DEBUG org.springframework.test.context.BootstrapUtils - Instantiating BootstrapContext using constructor [public org.springframework.test.context.support.DefaultBootstrapContext(java.lang.Class,org.springframework.test.context.CacheAwareContextLoaderDelegate)]
11:31:45.223 [main] DEBUG org.springframework.test.context.BootstrapUtils - Instantiating TestContextBootstrapper for test class [com.example.rank.RankApplicationTests] from class [org.springframework.boot.test.context.SpringBootTestContextBootstrapper]
11:31:45.226 [main] INFO org.springframework.boot.test.context.SpringBootTestContextBootstrapper - Neither @ContextConfiguration nor @ContextHierarchy found for test class [com.example.rank.RankApplicationTests], using SpringBootContextLoader
11:31:45.227 [main] DEBUG org.springframework.test.context.support.AbstractContextLoader - Did not detect default resource location for test class [com.example.rank.RankApplicationTests]: class path resource [com/example/rank/RankApplicationTests-context.xml] does not exist
11:31:45.228 [main] DEBUG org.springframework.test.context.support.AbstractContextLoader - Did not detect default resource location for test class [com.example.rank.RankApplicationTests]: class path resource [com/example/rank/RankApplicationTestsContext.groovy] does not exist
11:31:45.229 [main] INFO org.springframework.test.context.support.AbstractContextLoader - Could not detect default resource locations for test class [com.example.rank.RankApplicationTests]: no resource found for suffixes {-context.xml, Context.groovy}.
11:31:45.229 [main] INFO org.springframework.test.context.support.AnnotationConfigContextLoaderUtils - Could not detect default configuration classes for test class [com.example.rank.RankApplicationTests]: RankApplicationTests does not declare any static, non-private, non-final, nested classes annotated with @Configuration.
11:31:45.234 [main] DEBUG org.springframework.test.context.support.ActiveProfilesUtils - Could not find an 'annotation declaring class' for annotation type [org.springframework.test.context.ActiveProfiles] and class [com.example.rank.RankApplicationTests]
11:31:45.329 [main] DEBUG org.springframework.test.context.BootstrapUtils - Instantiating CacheAwareContextLoaderDelegate from class [org.springframework.test.context.cache.DefaultCacheAwareContextLoaderDelegate]
11:31:45.329 [main] DEBUG org.springframework.test.context.BootstrapUtils - Instantiating BootstrapContext using constructor [public org.springframework.test.context.support.DefaultBootstrapContext(java.lang.Class,org.springframework.test.context.CacheAwareContextLoaderDelegate)]
11:31:45.330 [main] DEBUG org.springframework.test.context.BootstrapUtils - Instantiating TestContextBootstrapper for test class [com.example.rank.RankApplicationTests] from class [org.springframework.boot.test.context.SpringBootTestContextBootstrapper]
11:31:45.332 [main] INFO org.springframework.boot.test.context.SpringBootTestContextBootstrapper - Neither @ContextConfiguration nor @ContextHierarchy found for test class [com.example.rank.RankApplicationTests], using SpringBootContextLoader
11:31:45.333 [main] DEBUG org.springframework.test.context.support.AbstractContextLoader - Did not detect default resource location for test class [com.example.rank.RankApplicationTests]: class path resource [com/example/rank/RankApplicationTests-context.xml] does not exist
11:31:45.333 [main] DEBUG org.springframework.test.context.support.AbstractContextLoader - Did not detect default resource location for test class [com.example.rank.RankApplicationTests]: class path resource [com/example/rank/RankApplicationTestsContext.groovy] does not exist
11:31:45.334 [main] INFO org.springframework.test.context.support.AbstractContextLoader - Could not detect default resource locations for test class [com.example.rank.RankApplicationTests]: no resource found for suffixes {-context.xml, Context.groovy}.
11:31:45.334 [main] INFO org.springframework.test.context.support.AnnotationConfigContextLoaderUtils - Could not detect default configuration classes for test class [com.example.rank.RankApplicationTests]: RankApplicationTests does not declare any static, non-private, non-final, nested classes annotated with @Configuration.
11:31:45.341 [main] DEBUG org.springframework.test.context.support.ActiveProfilesUtils - Could not find an 'annotation declaring class' for annotation type [org.springframework.test.context.ActiveProfiles] and class [com.example.rank.RankApplicationTests]
]]></system-out>
  </testcase>
</testsuite>